{"/Users/Chad/hr2019/rental-description/src/components/Amenities.jsx": {"path":"/Users/Chad/hr2019/rental-description/src/components/Amenities.jsx","statementMap":{"0":{"start":{"line":4,"column":18},"end":{"line":171,"column":1}},"1":{"start":{"line":5,"column":15},"end":{"line":5,"column":33}},"2":{"start":{"line":7,"column":23},"end":{"line":7,"column":27}},"3":{"start":{"line":8,"column":15},"end":{"line":8,"column":19}},"4":{"start":{"line":10,"column":27},"end":{"line":10,"column":31}},"5":{"start":{"line":11,"column":19},"end":{"line":11,"column":23}},"6":{"start":{"line":13,"column":23},"end":{"line":13,"column":27}},"7":{"start":{"line":14,"column":15},"end":{"line":14,"column":19}},"8":{"start":{"line":16,"column":27},"end":{"line":16,"column":31}},"9":{"start":{"line":17,"column":19},"end":{"line":17,"column":23}},"10":{"start":{"line":19,"column":27},"end":{"line":19,"column":31}},"11":{"start":{"line":20,"column":19},"end":{"line":20,"column":23}},"12":{"start":{"line":22,"column":28},"end":{"line":22,"column":32}},"13":{"start":{"line":23,"column":20},"end":{"line":23,"column":24}},"14":{"start":{"line":25,"column":26},"end":{"line":25,"column":30}},"15":{"start":{"line":26,"column":18},"end":{"line":26,"column":22}},"16":{"start":{"line":28,"column":24},"end":{"line":28,"column":28}},"17":{"start":{"line":29,"column":16},"end":{"line":29,"column":20}},"18":{"start":{"line":31,"column":30},"end":{"line":31,"column":34}},"19":{"start":{"line":32,"column":22},"end":{"line":32,"column":26}},"20":{"start":{"line":35,"column":2},"end":{"line":41,"column":4}},"21":{"start":{"line":43,"column":2},"end":{"line":156,"column":3}},"22":{"start":{"line":45,"column":4},"end":{"line":47,"column":7}},"23":{"start":{"line":46,"column":6},"end":{"line":46,"column":38}},"24":{"start":{"line":48,"column":4},"end":{"line":54,"column":6}},"25":{"start":{"line":56,"column":4},"end":{"line":58,"column":7}},"26":{"start":{"line":57,"column":6},"end":{"line":57,"column":38}},"27":{"start":{"line":59,"column":4},"end":{"line":65,"column":6}},"28":{"start":{"line":67,"column":4},"end":{"line":69,"column":7}},"29":{"start":{"line":68,"column":6},"end":{"line":68,"column":38}},"30":{"start":{"line":70,"column":4},"end":{"line":76,"column":6}},"31":{"start":{"line":78,"column":4},"end":{"line":80,"column":7}},"32":{"start":{"line":79,"column":6},"end":{"line":79,"column":38}},"33":{"start":{"line":82,"column":4},"end":{"line":88,"column":6}},"34":{"start":{"line":90,"column":4},"end":{"line":92,"column":7}},"35":{"start":{"line":91,"column":6},"end":{"line":91,"column":38}},"36":{"start":{"line":93,"column":4},"end":{"line":99,"column":6}},"37":{"start":{"line":101,"column":4},"end":{"line":103,"column":7}},"38":{"start":{"line":102,"column":6},"end":{"line":102,"column":38}},"39":{"start":{"line":104,"column":4},"end":{"line":110,"column":6}},"40":{"start":{"line":112,"column":4},"end":{"line":114,"column":7}},"41":{"start":{"line":113,"column":6},"end":{"line":113,"column":38}},"42":{"start":{"line":115,"column":4},"end":{"line":121,"column":6}},"43":{"start":{"line":123,"column":4},"end":{"line":125,"column":7}},"44":{"start":{"line":124,"column":6},"end":{"line":124,"column":38}},"45":{"start":{"line":126,"column":4},"end":{"line":132,"column":6}},"46":{"start":{"line":134,"column":4},"end":{"line":136,"column":7}},"47":{"start":{"line":135,"column":6},"end":{"line":135,"column":38}},"48":{"start":{"line":137,"column":4},"end":{"line":142,"column":6}},"49":{"start":{"line":144,"column":4},"end":{"line":144,"column":67}},"50":{"start":{"line":157,"column":2},"end":{"line":170,"column":4}}},"fnMap":{"0":{"name":"(anonymous_0)","decl":{"start":{"line":4,"column":18},"end":{"line":4,"column":19}},"loc":{"start":{"line":4,"column":29},"end":{"line":171,"column":1}},"line":4},"1":{"name":"(anonymous_1)","decl":{"start":{"line":45,"column":70},"end":{"line":45,"column":71}},"loc":{"start":{"line":45,"column":77},"end":{"line":47,"column":5}},"line":45},"2":{"name":"(anonymous_2)","decl":{"start":{"line":56,"column":78},"end":{"line":56,"column":79}},"loc":{"start":{"line":56,"column":85},"end":{"line":58,"column":5}},"line":56},"3":{"name":"(anonymous_3)","decl":{"start":{"line":67,"column":70},"end":{"line":67,"column":71}},"loc":{"start":{"line":67,"column":77},"end":{"line":69,"column":5}},"line":67},"4":{"name":"(anonymous_4)","decl":{"start":{"line":78,"column":78},"end":{"line":78,"column":79}},"loc":{"start":{"line":78,"column":85},"end":{"line":80,"column":5}},"line":78},"5":{"name":"(anonymous_5)","decl":{"start":{"line":90,"column":78},"end":{"line":90,"column":79}},"loc":{"start":{"line":90,"column":85},"end":{"line":92,"column":5}},"line":90},"6":{"name":"(anonymous_6)","decl":{"start":{"line":101,"column":80},"end":{"line":101,"column":81}},"loc":{"start":{"line":101,"column":87},"end":{"line":103,"column":5}},"line":101},"7":{"name":"(anonymous_7)","decl":{"start":{"line":112,"column":76},"end":{"line":112,"column":77}},"loc":{"start":{"line":112,"column":83},"end":{"line":114,"column":5}},"line":112},"8":{"name":"(anonymous_8)","decl":{"start":{"line":123,"column":72},"end":{"line":123,"column":73}},"loc":{"start":{"line":123,"column":79},"end":{"line":125,"column":5}},"line":123},"9":{"name":"(anonymous_9)","decl":{"start":{"line":134,"column":84},"end":{"line":134,"column":85}},"loc":{"start":{"line":134,"column":91},"end":{"line":136,"column":5}},"line":134}},"branchMap":{"0":{"loc":{"start":{"line":43,"column":2},"end":{"line":156,"column":3}},"type":"if","locations":[{"start":{"line":43,"column":2},"end":{"line":156,"column":3}},{"start":{"line":43,"column":2},"end":{"line":156,"column":3}}],"line":43}},"s":{"0":1,"1":0,"2":0,"3":0,"4":0,"5":0,"6":0,"7":0,"8":0,"9":0,"10":0,"11":0,"12":0,"13":0,"14":0,"15":0,"16":0,"17":0,"18":0,"19":0,"20":0,"21":0,"22":0,"23":0,"24":0,"25":0,"26":0,"27":0,"28":0,"29":0,"30":0,"31":0,"32":0,"33":0,"34":0,"35":0,"36":0,"37":0,"38":0,"39":0,"40":0,"41":0,"42":0,"43":0,"44":0,"45":0,"46":0,"47":0,"48":0,"49":0,"50":0},"f":{"0":0,"1":0,"2":0,"3":0,"4":0,"5":0,"6":0,"7":0,"8":0,"9":0},"b":{"0":[0,0]},"_coverageSchema":"43e27e138ebf9cfc5966b082cf9a028302ed4184","hash":"8e3ed4f107f07a392721c53dda4f278525fa4482"}
,"/Users/Chad/hr2019/rental-description/src/components/DescriptionMainContainer.jsx": {"path":"/Users/Chad/hr2019/rental-description/src/components/DescriptionMainContainer.jsx","statementMap":{"0":{"start":{"line":9,"column":33},"end":{"line":44,"column":1}},"1":{"start":{"line":10,"column":16},"end":{"line":10,"column":20}},"2":{"start":{"line":11,"column":21},"end":{"line":11,"column":48}},"3":{"start":{"line":13,"column":2},"end":{"line":16,"column":3}},"4":{"start":{"line":14,"column":4},"end":{"line":14,"column":57}},"5":{"start":{"line":15,"column":4},"end":{"line":15,"column":26}},"6":{"start":{"line":18,"column":15},"end":{"line":18,"column":33}},"7":{"start":{"line":19,"column":2},"end":{"line":37,"column":3}},"8":{"start":{"line":20,"column":4},"end":{"line":36,"column":6}},"9":{"start":{"line":39,"column":2},"end":{"line":43,"column":4}}},"fnMap":{"0":{"name":"(anonymous_0)","decl":{"start":{"line":9,"column":33},"end":{"line":9,"column":34}},"loc":{"start":{"line":9,"column":44},"end":{"line":44,"column":1}},"line":9}},"branchMap":{"0":{"loc":{"start":{"line":13,"column":2},"end":{"line":16,"column":3}},"type":"if","locations":[{"start":{"line":13,"column":2},"end":{"line":16,"column":3}},{"start":{"line":13,"column":2},"end":{"line":16,"column":3}}],"line":13},"1":{"loc":{"start":{"line":13,"column":6},"end":{"line":13,"column":51}},"type":"binary-expr","locations":[{"start":{"line":13,"column":6},"end":{"line":13,"column":22}},{"start":{"line":13,"column":26},"end":{"line":13,"column":51}}],"line":13},"2":{"loc":{"start":{"line":19,"column":2},"end":{"line":37,"column":3}},"type":"if","locations":[{"start":{"line":19,"column":2},"end":{"line":37,"column":3}},{"start":{"line":19,"column":2},"end":{"line":37,"column":3}}],"line":19}},"s":{"0":1,"1":3,"2":3,"3":3,"4":3,"5":3,"6":3,"7":3,"8":0,"9":3},"f":{"0":3},"b":{"0":[3,0],"1":[3,3],"2":[0,3]},"_coverageSchema":"43e27e138ebf9cfc5966b082cf9a028302ed4184","hash":"8fbe100e847ec099173b956beb9f410410651522"}
,"/Users/Chad/hr2019/rental-description/src/components/DescriptionMainHeader.jsx": {"path":"/Users/Chad/hr2019/rental-description/src/components/DescriptionMainHeader.jsx","statementMap":{"0":{"start":{"line":4,"column":30},"end":{"line":14,"column":1}},"1":{"start":{"line":5,"column":2},"end":{"line":11,"column":8}}},"fnMap":{"0":{"name":"(anonymous_0)","decl":{"start":{"line":4,"column":30},"end":{"line":4,"column":31}},"loc":{"start":{"line":5,"column":2},"end":{"line":11,"column":8}},"line":5}},"branchMap":{},"s":{"0":1,"1":0},"f":{"0":0},"b":{},"_coverageSchema":"43e27e138ebf9cfc5966b082cf9a028302ed4184","hash":"ecacedba39b8491476f798b7bd38cd15fb2bd4a9"}
,"/Users/Chad/hr2019/rental-description/src/components/ReadMore.jsx": {"path":"/Users/Chad/hr2019/rental-description/src/components/ReadMore.jsx","statementMap":{"0":{"start":{"line":4,"column":17},"end":{"line":15,"column":1}},"1":{"start":{"line":5,"column":2},"end":{"line":14,"column":8}}},"fnMap":{"0":{"name":"(anonymous_0)","decl":{"start":{"line":4,"column":17},"end":{"line":4,"column":18}},"loc":{"start":{"line":5,"column":2},"end":{"line":14,"column":8}},"line":5}},"branchMap":{},"s":{"0":1,"1":0},"f":{"0":0},"b":{},"_coverageSchema":"43e27e138ebf9cfc5966b082cf9a028302ed4184","hash":"f810a907d33fac0d718932ecd268b5c1c4b2d23b"}
,"/Users/Chad/hr2019/rental-description/src/components/entireDetails.jsx": {"path":"/Users/Chad/hr2019/rental-description/src/components/entireDetails.jsx","statementMap":{"0":{"start":{"line":4,"column":22},"end":{"line":14,"column":1}},"1":{"start":{"line":5,"column":2},"end":{"line":13,"column":8}}},"fnMap":{"0":{"name":"(anonymous_0)","decl":{"start":{"line":4,"column":22},"end":{"line":4,"column":23}},"loc":{"start":{"line":5,"column":2},"end":{"line":13,"column":8}},"line":5}},"branchMap":{},"s":{"0":1,"1":0},"f":{"0":0},"b":{},"_coverageSchema":"43e27e138ebf9cfc5966b082cf9a028302ed4184","hash":"5c87092e0540f59e85ace16370ac2fdbb0903a6e"}
,"/Users/Chad/hr2019/rental-description/src/components/quickDetailHeader.jsx": {"path":"/Users/Chad/hr2019/rental-description/src/components/quickDetailHeader.jsx","statementMap":{"0":{"start":{"line":5,"column":26},"end":{"line":78,"column":1}},"1":{"start":{"line":6,"column":18},"end":{"line":6,"column":22}},"2":{"start":{"line":7,"column":34},"end":{"line":7,"column":38}},"3":{"start":{"line":8,"column":27},"end":{"line":8,"column":31}},"4":{"start":{"line":9,"column":21},"end":{"line":9,"column":25}},"5":{"start":{"line":10,"column":32},"end":{"line":10,"column":36}},"6":{"start":{"line":12,"column":14},"end":{"line":12,"column":15}},"7":{"start":{"line":14,"column":2},"end":{"line":25,"column":3}},"8":{"start":{"line":15,"column":4},"end":{"line":15,"column":13}},"9":{"start":{"line":16,"column":4},"end":{"line":24,"column":6}},"10":{"start":{"line":27,"column":2},"end":{"line":36,"column":3}},"11":{"start":{"line":28,"column":4},"end":{"line":28,"column":13}},"12":{"start":{"line":29,"column":4},"end":{"line":35,"column":6}},"13":{"start":{"line":38,"column":2},"end":{"line":46,"column":3}},"14":{"start":{"line":39,"column":4},"end":{"line":39,"column":13}},"15":{"start":{"line":40,"column":4},"end":{"line":45,"column":6}},"16":{"start":{"line":48,"column":2},"end":{"line":56,"column":3}},"17":{"start":{"line":49,"column":4},"end":{"line":49,"column":13}},"18":{"start":{"line":50,"column":4},"end":{"line":55,"column":6}},"19":{"start":{"line":58,"column":2},"end":{"line":66,"column":3}},"20":{"start":{"line":59,"column":4},"end":{"line":59,"column":13}},"21":{"start":{"line":60,"column":4},"end":{"line":65,"column":6}},"22":{"start":{"line":68,"column":2},"end":{"line":68,"column":21}},"23":{"start":{"line":69,"column":2},"end":{"line":77,"column":4}}},"fnMap":{"0":{"name":"(anonymous_0)","decl":{"start":{"line":5,"column":26},"end":{"line":5,"column":27}},"loc":{"start":{"line":5,"column":37},"end":{"line":78,"column":1}},"line":5}},"branchMap":{"0":{"loc":{"start":{"line":14,"column":2},"end":{"line":25,"column":3}},"type":"if","locations":[{"start":{"line":14,"column":2},"end":{"line":25,"column":3}},{"start":{"line":14,"column":2},"end":{"line":25,"column":3}}],"line":14},"1":{"loc":{"start":{"line":27,"column":2},"end":{"line":36,"column":3}},"type":"if","locations":[{"start":{"line":27,"column":2},"end":{"line":36,"column":3}},{"start":{"line":27,"column":2},"end":{"line":36,"column":3}}],"line":27},"2":{"loc":{"start":{"line":38,"column":2},"end":{"line":46,"column":3}},"type":"if","locations":[{"start":{"line":38,"column":2},"end":{"line":46,"column":3}},{"start":{"line":38,"column":2},"end":{"line":46,"column":3}}],"line":38},"3":{"loc":{"start":{"line":48,"column":2},"end":{"line":56,"column":3}},"type":"if","locations":[{"start":{"line":48,"column":2},"end":{"line":56,"column":3}},{"start":{"line":48,"column":2},"end":{"line":56,"column":3}}],"line":48},"4":{"loc":{"start":{"line":58,"column":2},"end":{"line":66,"column":3}},"type":"if","locations":[{"start":{"line":58,"column":2},"end":{"line":66,"column":3}},{"start":{"line":58,"column":2},"end":{"line":66,"column":3}}],"line":58}},"s":{"0":1,"1":0,"2":0,"3":0,"4":0,"5":0,"6":0,"7":0,"8":0,"9":0,"10":0,"11":0,"12":0,"13":0,"14":0,"15":0,"16":0,"17":0,"18":0,"19":0,"20":0,"21":0,"22":0,"23":0},"f":{"0":0},"b":{"0":[0,0],"1":[0,0],"2":[0,0],"3":[0,0],"4":[0,0]},"_coverageSchema":"43e27e138ebf9cfc5966b082cf9a028302ed4184","hash":"a9589e86daab0a9647def6cb36fc2832d4d5562f"}
}
