TN:
SF:/Users/Chad/hr2019/rental-description/src/components/Amenities.jsx
FN:4,(anonymous_0)
FN:45,(anonymous_1)
FN:56,(anonymous_2)
FN:67,(anonymous_3)
FN:78,(anonymous_4)
FN:90,(anonymous_5)
FN:101,(anonymous_6)
FN:112,(anonymous_7)
FN:123,(anonymous_8)
FN:134,(anonymous_9)
FNF:10
FNH:0
FNDA:0,(anonymous_0)
FNDA:0,(anonymous_1)
FNDA:0,(anonymous_2)
FNDA:0,(anonymous_3)
FNDA:0,(anonymous_4)
FNDA:0,(anonymous_5)
FNDA:0,(anonymous_6)
FNDA:0,(anonymous_7)
FNDA:0,(anonymous_8)
FNDA:0,(anonymous_9)
DA:4,1
DA:5,0
DA:7,0
DA:8,0
DA:10,0
DA:11,0
DA:13,0
DA:14,0
DA:16,0
DA:17,0
DA:19,0
DA:20,0
DA:22,0
DA:23,0
DA:25,0
DA:26,0
DA:28,0
DA:29,0
DA:31,0
DA:32,0
DA:35,0
DA:43,0
DA:45,0
DA:46,0
DA:48,0
DA:56,0
DA:57,0
DA:59,0
DA:67,0
DA:68,0
DA:70,0
DA:78,0
DA:79,0
DA:82,0
DA:90,0
DA:91,0
DA:93,0
DA:101,0
DA:102,0
DA:104,0
DA:112,0
DA:113,0
DA:115,0
DA:123,0
DA:124,0
DA:126,0
DA:134,0
DA:135,0
DA:137,0
DA:144,0
DA:157,0
LF:51
LH:1
BRDA:43,0,0,0
BRDA:43,0,1,0
BRF:2
BRH:0
end_of_record
TN:
SF:/Users/Chad/hr2019/rental-description/src/components/DescriptionMainContainer.jsx
FN:9,(anonymous_0)
FNF:1
FNH:1
FNDA:3,(anonymous_0)
DA:9,1
DA:10,3
DA:11,3
DA:13,3
DA:14,3
DA:15,3
DA:18,3
DA:19,3
DA:20,0
DA:39,3
LF:10
LH:9
BRDA:13,0,0,3
BRDA:13,0,1,0
BRDA:13,1,0,3
BRDA:13,1,1,3
BRDA:19,2,0,0
BRDA:19,2,1,3
BRF:6
BRH:4
end_of_record
TN:
SF:/Users/Chad/hr2019/rental-description/src/components/DescriptionMainHeader.jsx
FN:4,(anonymous_0)
FNF:1
FNH:0
FNDA:0,(anonymous_0)
DA:4,1
DA:5,0
LF:2
LH:1
BRF:0
BRH:0
end_of_record
TN:
SF:/Users/Chad/hr2019/rental-description/src/components/ReadMore.jsx
FN:4,(anonymous_0)
FNF:1
FNH:0
FNDA:0,(anonymous_0)
DA:4,1
DA:5,0
LF:2
LH:1
BRF:0
BRH:0
end_of_record
TN:
SF:/Users/Chad/hr2019/rental-description/src/components/entireDetails.jsx
FN:4,(anonymous_0)
FNF:1
FNH:0
FNDA:0,(anonymous_0)
DA:4,1
DA:5,0
LF:2
LH:1
BRF:0
BRH:0
end_of_record
TN:
SF:/Users/Chad/hr2019/rental-description/src/components/quickDetailHeader.jsx
FN:5,(anonymous_0)
FNF:1
FNH:0
FNDA:0,(anonymous_0)
DA:5,1
DA:6,0
DA:7,0
DA:8,0
DA:9,0
DA:10,0
DA:12,0
DA:14,0
DA:15,0
DA:16,0
DA:27,0
DA:28,0
DA:29,0
DA:38,0
DA:39,0
DA:40,0
DA:48,0
DA:49,0
DA:50,0
DA:58,0
DA:59,0
DA:60,0
DA:68,0
DA:69,0
LF:24
LH:1
BRDA:14,0,0,0
BRDA:14,0,1,0
BRDA:27,1,0,0
BRDA:27,1,1,0
BRDA:38,2,0,0
BRDA:38,2,1,0
BRDA:48,3,0,0
BRDA:48,3,1,0
BRDA:58,4,0,0
BRDA:58,4,1,0
BRF:10
BRH:0
end_of_record
